<?xml version="1.0" encoding="UTF-8"?>
<!-- Generated by org.testng.reporters.JUnitXMLReporter -->
<testsuite ignored="0" hostname="SagarPawar" failures="0" tests="12" name="Test" time="0.205" errors="0" timestamp="2023-05-03T09:15:19 IST">
  <testcase classname="TestNG.TestNG1" name="g" time="0.024"/>
  <testcase classname="TestNG.TestNG1" name="k" time="0.003"/>
  <testcase classname="TestNG.TestNG2" name="CustomertDelete" time="0.004"/>
  <testcase classname="TestNG.TestNG2" name="CustomerEdit" time="0.003"/>
  <testcase classname="TestNG.TestNG2" name="CustomerCreate" time="0.006"/>
  <testcase classname="TestNG.TestNG2" name="CustomerCreate" time="0.004"/>
  <testcase classname="TestNG.TestNG2" name="CustomerCreate" time="0.006"/>
  <testcase classname="TestNG.TestNG3" name="CustomertDelete" time="0.002"/>
  <testcase classname="TestNG.TestNG3" name="CustomerEdit" time="0.003"/>
  <testcase classname="TestNG.TestNG3" name="CustomerCreate" time="0.007"/>
  <testcase classname="TestNG.TestNG3" name="CustomerCreate" time="0.002"/>
  <testcase classname="TestNG.TestNG3" name="CustomerCreate" time="0.007"/>
</testsuite> <!-- Test -->
